<?xml version="1.0" encoding="UTF-8"?>
<!-- Generated by org.testng.reporters.JUnitXMLReporter -->
<testsuite ignored="0" hostname="Nads" failures="0" tests="6" name="Login" time="5.994" errors="0" timestamp="2024-06-24T13:04:10 PST">
  <testcase classname="test.LoginTest" name="login" time="0.0"/>
  <testcase classname="test.LoginTest" name="login" time="5.908"/>
  <testcase classname="test.LoginTest" name="login" time="0.002"/>
  <testcase classname="test.LoginTest" name="login" time="0.0"/>
  <testcase classname="test.LoginTest" name="login" time="0.0"/>
  <testcase classname="test.LoginTest" name="login" time="0.0"/>
</testsuite> <!-- Login -->
