<?xml version="1.0" encoding="UTF-8"?>
<!-- Generated by org.testng.reporters.JUnitXMLReporter -->
<testsuite ignored="0" hostname="Nads" failures="0" tests="4" name="Registration" time="7.43" errors="0" timestamp="2024-06-24T13:04:04 PST">
  <testcase classname="test.RegistrationTest" name="registration" time="0.003"/>
  <testcase classname="test.RegistrationTest" name="registration" time="6.323"/>
  <testcase classname="test.RegistrationTest" name="registration" time="0.0"/>
  <testcase classname="test.RegistrationTest" name="registration" time="0.001"/>
</testsuite> <!-- Registration -->
