<?xml version="1.0" encoding="UTF-8"?>
<!-- Generated by org.testng.reporters.JUnitXMLReporter -->
<testsuite ignored="1" hostname="Nads" failures="0" tests="4" name="Test" time="16.043" errors="0" timestamp="2024-05-23T22:55:33 PST">
  <testcase classname="test.RegistrationTest" name="registration_with_invalid_email" time="8.6"/>
  <testcase classname="test.RegistrationTest" name="registration_with_empty_email" time="2.431"/>
  <testcase classname="test.RegistrationTest" name="registration_with_empty_password" time="1.863"/>
  <testcase classname="test.RegistrationTest" name="registration_with_empty_emailAndPassword" time="2.09"/>
  <testcase classname="test.RegistrationTest" name="registration_signIn" time="0.0">
    <ignored/>
  </testcase> <!-- registration_signIn -->
</testsuite> <!-- Test -->
