<?xml version="1.0" encoding="UTF-8"?>
<testng-results ignored="0" total="4" passed="4" failed="0" skipped="0">
  <reporter-output>
  </reporter-output>
  <suite started-at="2024-06-04T19:35:17 PST" name="Default suite" finished-at="2024-06-04T19:35:28 PST" duration-ms="10515">
    <groups>
    </groups>
    <test started-at="2024-06-04T19:35:17 PST" name="Default test" finished-at="2024-06-04T19:35:28 PST" duration-ms="10515">
      <class name="test.RegistrationTest">
        <test-method is-config="true" signature="setUp()[pri:0, instance:test.RegistrationTest@55a147cc]" started-at="2024-06-04T19:35:17 PST" name="setUp" finished-at="2024-06-04T19:35:18 PST" duration-ms="296" status="PASS">
          <reporter-output>
          </reporter-output>
        </test-method> <!-- setUp -->
        <test-method signature="registration(java.lang.String,java.lang.String,java.lang.String,java.lang.String,java.lang.String)[pri:0, instance:test.RegistrationTest@55a147cc]" started-at="2024-06-04T19:35:19 PST" name="registration" data-provider="registrationTestData" finished-at="2024-06-04T19:35:19 PST" duration-ms="6" status="PASS">
          <params>
            <param index="0">
              <value>
                <![CDATA[]]>
              </value>
            </param>
            <param index="1">
              <value>
                <![CDATA[Registration Sign-in]]>
              </value>
            </param>
            <param index="2">
              <value>
                <![CDATA[automationtest07@gmail.com]]>
              </value>
            </param>
            <param index="3">
              <value>
                <![CDATA[Testing#123!]]>
              </value>
            </param>
            <param index="4">
              <value>
                <![CDATA[Valid]]>
              </value>
            </param>
          </params>
          <reporter-output>
          </reporter-output>
        </test-method> <!-- registration -->
        <test-method signature="registration(java.lang.String,java.lang.String,java.lang.String,java.lang.String,java.lang.String)[pri:0, instance:test.RegistrationTest@55a147cc]" started-at="2024-06-04T19:35:19 PST" name="registration" data-provider="registrationTestData" finished-at="2024-06-04T19:35:28 PST" duration-ms="8585" status="PASS">
          <params>
            <param index="0">
              <value>
                <![CDATA[y]]>
              </value>
            </param>
            <param index="1">
              <value>
                <![CDATA[Registration with Empty Email]]>
              </value>
            </param>
            <param index="2">
              <value>
                <![CDATA[]]>
              </value>
            </param>
            <param index="3">
              <value>
                <![CDATA[Testing#123!]]>
              </value>
            </param>
            <param index="4">
              <value>
                <![CDATA[Error: Please provide a valid email address.s]]>
              </value>
            </param>
          </params>
          <reporter-output>
          </reporter-output>
        </test-method> <!-- registration -->
        <test-method signature="registration(java.lang.String,java.lang.String,java.lang.String,java.lang.String,java.lang.String)[pri:0, instance:test.RegistrationTest@55a147cc]" started-at="2024-06-04T19:35:28 PST" name="registration" data-provider="registrationTestData" finished-at="2024-06-04T19:35:28 PST" duration-ms="0" status="PASS">
          <params>
            <param index="0">
              <value>
                <![CDATA[]]>
              </value>
            </param>
            <param index="1">
              <value>
                <![CDATA[Registration with Empty Password]]>
              </value>
            </param>
            <param index="2">
              <value>
                <![CDATA[automationtest100@gmail.com]]>
              </value>
            </param>
            <param index="3">
              <value>
                <![CDATA[]]>
              </value>
            </param>
            <param index="4">
              <value>
                <![CDATA[Error: Please enter an account password.]]>
              </value>
            </param>
          </params>
          <reporter-output>
          </reporter-output>
        </test-method> <!-- registration -->
        <test-method signature="registration(java.lang.String,java.lang.String,java.lang.String,java.lang.String,java.lang.String)[pri:0, instance:test.RegistrationTest@55a147cc]" started-at="2024-06-04T19:35:28 PST" name="registration" data-provider="registrationTestData" finished-at="2024-06-04T19:35:28 PST" duration-ms="0" status="PASS">
          <params>
            <param index="0">
              <value>
                <![CDATA[]]>
              </value>
            </param>
            <param index="1">
              <value>
                <![CDATA[Registration with Empty Email and Password]]>
              </value>
            </param>
            <param index="2">
              <value>
                <![CDATA[]]>
              </value>
            </param>
            <param index="3">
              <value>
                <![CDATA[]]>
              </value>
            </param>
            <param index="4">
              <value>
                <![CDATA[Error: Please provide a valid email address.]]>
              </value>
            </param>
          </params>
          <reporter-output>
          </reporter-output>
        </test-method> <!-- registration -->
        <test-method is-config="true" signature="tearDown()[pri:0, instance:test.RegistrationTest@55a147cc]" started-at="2024-06-04T19:35:28 PST" name="tearDown" finished-at="2024-06-04T19:35:28 PST" duration-ms="383" status="PASS">
          <reporter-output>
          </reporter-output>
        </test-method> <!-- tearDown -->
      </class> <!-- test.RegistrationTest -->
    </test> <!-- Default test -->
  </suite> <!-- Default suite -->
</testng-results>
