<?xml version="1.0" encoding="UTF-8"?>
<testng-results ignored="0" total="1" passed="1" failed="0" skipped="0">
  <reporter-output>
  </reporter-output>
  <suite started-at="2025-09-03T14:32:24 PST" name="Default suite" finished-at="2025-09-03T14:32:56 PST" duration-ms="31907">
    <groups>
    </groups>
    <test started-at="2025-09-03T14:32:24 PST" name="Default test" finished-at="2025-09-03T14:32:56 PST" duration-ms="31907">
      <class name="test.HomePageTest">
        <test-method is-config="true" signature="setUp()[pri:0, instance:test.HomePageTest@223d2c72]" started-at="2025-09-03T14:32:24 PST" name="setUp" finished-at="2025-09-03T14:32:25 PST" duration-ms="462" status="PASS">
          <reporter-output>
          </reporter-output>
        </test-method> <!-- setUp -->
        <test-method signature="placeOrder(java.lang.String,java.lang.String,java.lang.String)[pri:0, instance:test.HomePageTest@223d2c72]" started-at="2025-09-03T14:32:27 PST" name="placeOrder" data-provider="testData" finished-at="2025-09-03T14:32:56 PST" duration-ms="28952" status="PASS">
          <params>
            <param index="0">
              <value>
                <![CDATA[y]]>
              </value>
            </param>
            <param index="1">
              <value>
                <![CDATA[Home Page - Place Order]]>
              </value>
            </param>
            <param index="2">
              <value>
                <![CDATA[2]]>
              </value>
            </param>
          </params>
          <reporter-output>
          </reporter-output>
        </test-method> <!-- placeOrder -->
        <test-method is-config="true" signature="tearDown()[pri:0, instance:test.HomePageTest@223d2c72]" started-at="2025-09-03T14:32:56 PST" name="tearDown" finished-at="2025-09-03T14:32:56 PST" duration-ms="601" status="PASS">
          <reporter-output>
          </reporter-output>
        </test-method> <!-- tearDown -->
      </class> <!-- test.HomePageTest -->
    </test> <!-- Default test -->
  </suite> <!-- Default suite -->
</testng-results>
