<?xml version="1.0" encoding="UTF-8"?>
<!-- Generated by org.testng.reporters.JUnitXMLReporter -->
<testsuite ignored="0" hostname="Nads" failures="0" tests="6" name="Login" time="14.52" errors="0" timestamp="2024-06-04T17:25:30 PST">
  <testcase classname="test.LoginTest" name="login" time="0.006"/>
  <testcase classname="test.LoginTest" name="login" time="7.985"/>
  <testcase classname="test.LoginTest" name="login" time="5.402"/>
  <testcase classname="test.LoginTest" name="login" time="0.0"/>
  <testcase classname="test.LoginTest" name="login" time="0.0"/>
  <testcase classname="test.LoginTest" name="login" time="0.0"/>
</testsuite> <!-- Login -->
