<?xml version="1.0" encoding="UTF-8"?>
<!-- Generated by org.testng.reporters.JUnitXMLReporter -->
<testsuite ignored="0" hostname="Nads" failures="0" tests="4" name="Registration" time="22.837" errors="0" timestamp="2024-06-04T17:25:38 PST">
  <testcase classname="test.RegistrationTest" name="registration" time="0.005"/>
  <testcase classname="test.RegistrationTest" name="registration" time="7.316"/>
  <testcase classname="test.RegistrationTest" name="registration" time="14.568"/>
  <testcase classname="test.RegistrationTest" name="registration" time="0.0"/>
</testsuite> <!-- Registration -->
