<?xml version="1.0" encoding="UTF-8"?>
<!-- Generated by org.testng.reporters.JUnitXMLReporter -->
<testsuite ignored="0" hostname="Nads" failures="0" tests="4" name="Default test" time="10.515" errors="0" timestamp="2024-06-04T19:35:28 PST">
  <testcase classname="test.RegistrationTest" name="registration" time="0.006"/>
  <testcase classname="test.RegistrationTest" name="registration" time="8.585"/>
  <testcase classname="test.RegistrationTest" name="registration" time="0.0"/>
  <testcase classname="test.RegistrationTest" name="registration" time="0.0"/>
</testsuite> <!-- Default test -->
