<?xml version="1.0" encoding="UTF-8"?>
<testng-results ignored="0" total="10" passed="10" failed="0" skipped="0">
  <reporter-output>
  </reporter-output>
  <suite started-at="2024-06-24T13:03:57 PST" name="Selenium Practice" finished-at="2024-06-24T13:04:10 PST" duration-ms="13434">
    <groups>
    </groups>
    <test started-at="2024-06-24T13:03:57 PST" name="Registration" finished-at="2024-06-24T13:04:04 PST" duration-ms="7430">
      <class name="test.RegistrationTest">
        <test-method is-config="true" signature="setUp()[pri:0, instance:test.RegistrationTest@4efbca5a]" started-at="2024-06-24T13:03:57 PST" name="setUp" finished-at="2024-06-24T13:03:57 PST" duration-ms="140" status="PASS">
          <reporter-output>
          </reporter-output>
        </test-method> <!-- setUp -->
        <test-method signature="registration(java.lang.String,java.lang.String,java.lang.String,java.lang.String,java.lang.String)[pri:0, instance:test.RegistrationTest@4efbca5a]" started-at="2024-06-24T13:03:58 PST" name="registration" data-provider="registrationTestData" finished-at="2024-06-24T13:03:58 PST" duration-ms="3" status="PASS">
          <params>
            <param index="0">
              <value>
                <![CDATA[]]>
              </value>
            </param>
            <param index="1">
              <value>
                <![CDATA[Registration Sign-in]]>
              </value>
            </param>
            <param index="2">
              <value>
                <![CDATA[automationtest07@gmail.com]]>
              </value>
            </param>
            <param index="3">
              <value>
                <![CDATA[Testing#123!]]>
              </value>
            </param>
            <param index="4">
              <value>
                <![CDATA[Valid]]>
              </value>
            </param>
          </params>
          <reporter-output>
          </reporter-output>
        </test-method> <!-- registration -->
        <test-method signature="registration(java.lang.String,java.lang.String,java.lang.String,java.lang.String,java.lang.String)[pri:0, instance:test.RegistrationTest@4efbca5a]" started-at="2024-06-24T13:03:58 PST" name="registration" data-provider="registrationTestData" finished-at="2024-06-24T13:04:04 PST" duration-ms="6323" status="PASS">
          <params>
            <param index="0">
              <value>
                <![CDATA[y]]>
              </value>
            </param>
            <param index="1">
              <value>
                <![CDATA[Registration with Empty Email]]>
              </value>
            </param>
            <param index="2">
              <value>
                <![CDATA[]]>
              </value>
            </param>
            <param index="3">
              <value>
                <![CDATA[Testing#123!]]>
              </value>
            </param>
            <param index="4">
              <value>
                <![CDATA[Error: Please provide a valid email address.]]>
              </value>
            </param>
          </params>
          <reporter-output>
          </reporter-output>
        </test-method> <!-- registration -->
        <test-method signature="registration(java.lang.String,java.lang.String,java.lang.String,java.lang.String,java.lang.String)[pri:0, instance:test.RegistrationTest@4efbca5a]" started-at="2024-06-24T13:04:04 PST" name="registration" data-provider="registrationTestData" finished-at="2024-06-24T13:04:04 PST" duration-ms="1" status="PASS">
          <params>
            <param index="0">
              <value>
                <![CDATA[]]>
              </value>
            </param>
            <param index="1">
              <value>
                <![CDATA[Registration with Empty Email and Password]]>
              </value>
            </param>
            <param index="2">
              <value>
                <![CDATA[]]>
              </value>
            </param>
            <param index="3">
              <value>
                <![CDATA[]]>
              </value>
            </param>
            <param index="4">
              <value>
                <![CDATA[Error: Please provide a valid email address.]]>
              </value>
            </param>
          </params>
          <reporter-output>
          </reporter-output>
        </test-method> <!-- registration -->
        <test-method signature="registration(java.lang.String,java.lang.String,java.lang.String,java.lang.String,java.lang.String)[pri:0, instance:test.RegistrationTest@4efbca5a]" started-at="2024-06-24T13:04:04 PST" name="registration" data-provider="registrationTestData" finished-at="2024-06-24T13:04:04 PST" duration-ms="0" status="PASS">
          <params>
            <param index="0">
              <value>
                <![CDATA[]]>
              </value>
            </param>
            <param index="1">
              <value>
                <![CDATA[Registration with Empty Password]]>
              </value>
            </param>
            <param index="2">
              <value>
                <![CDATA[automationtest100@gmail.com]]>
              </value>
            </param>
            <param index="3">
              <value>
                <![CDATA[]]>
              </value>
            </param>
            <param index="4">
              <value>
                <![CDATA[Error: Please enter an account password.]]>
              </value>
            </param>
          </params>
          <reporter-output>
          </reporter-output>
        </test-method> <!-- registration -->
        <test-method is-config="true" signature="tearDown()[pri:0, instance:test.RegistrationTest@4efbca5a]" started-at="2024-06-24T13:04:04 PST" name="tearDown" finished-at="2024-06-24T13:04:04 PST" duration-ms="199" status="PASS">
          <reporter-output>
          </reporter-output>
        </test-method> <!-- tearDown -->
      </class> <!-- test.RegistrationTest -->
    </test> <!-- Registration -->
    <test started-at="2024-06-24T13:04:04 PST" name="Login" finished-at="2024-06-24T13:04:10 PST" duration-ms="5994">
      <class name="test.LoginTest">
        <test-method is-config="true" signature="setUp()[pri:0, instance:test.LoginTest@76505305]" started-at="2024-06-24T13:04:04 PST" name="setUp" finished-at="2024-06-24T13:04:04 PST" duration-ms="1" status="PASS">
          <reporter-output>
          </reporter-output>
        </test-method> <!-- setUp -->
        <test-method signature="login(java.lang.String,java.lang.String,java.lang.String,java.lang.String,java.lang.String)[pri:0, instance:test.LoginTest@76505305]" started-at="2024-06-24T13:04:04 PST" name="login" data-provider="loginTestdata" finished-at="2024-06-24T13:04:04 PST" duration-ms="0" status="PASS">
          <params>
            <param index="0">
              <value>
                <![CDATA[]]>
              </value>
            </param>
            <param index="1">
              <value>
                <![CDATA[Login with Valid Credential]]>
              </value>
            </param>
            <param index="2">
              <value>
                <![CDATA[automationtest07@gmail.com]]>
              </value>
            </param>
            <param index="3">
              <value>
                <![CDATA[Testing#123!]]>
              </value>
            </param>
            <param index="4">
              <value>
                <![CDATA[Valid]]>
              </value>
            </param>
          </params>
          <reporter-output>
          </reporter-output>
        </test-method> <!-- login -->
        <test-method signature="login(java.lang.String,java.lang.String,java.lang.String,java.lang.String,java.lang.String)[pri:0, instance:test.LoginTest@76505305]" started-at="2024-06-24T13:04:04 PST" name="login" data-provider="loginTestdata" finished-at="2024-06-24T13:04:10 PST" duration-ms="5908" status="PASS">
          <params>
            <param index="0">
              <value>
                <![CDATA[y]]>
              </value>
            </param>
            <param index="1">
              <value>
                <![CDATA[Login with Correct Username and Empty Password]]>
              </value>
            </param>
            <param index="2">
              <value>
                <![CDATA[automationtest07@gmail.com]]>
              </value>
            </param>
            <param index="3">
              <value>
                <![CDATA[]]>
              </value>
            </param>
            <param index="4">
              <value>
                <![CDATA[Error: Password is required.]]>
              </value>
            </param>
          </params>
          <reporter-output>
          </reporter-output>
        </test-method> <!-- login -->
        <test-method signature="login(java.lang.String,java.lang.String,java.lang.String,java.lang.String,java.lang.String)[pri:0, instance:test.LoginTest@76505305]" started-at="2024-06-24T13:04:10 PST" name="login" data-provider="loginTestdata" finished-at="2024-06-24T13:04:10 PST" duration-ms="2" status="PASS">
          <params>
            <param index="0">
              <value>
                <![CDATA[]]>
              </value>
            </param>
            <param index="1">
              <value>
                <![CDATA[Login with Empty Username and Valid Password]]>
              </value>
            </param>
            <param index="2">
              <value>
                <![CDATA[]]>
              </value>
            </param>
            <param index="3">
              <value>
                <![CDATA[Testing#123!]]>
              </value>
            </param>
            <param index="4">
              <value>
                <![CDATA[Error: Username is required.]]>
              </value>
            </param>
          </params>
          <reporter-output>
          </reporter-output>
        </test-method> <!-- login -->
        <test-method signature="login(java.lang.String,java.lang.String,java.lang.String,java.lang.String,java.lang.String)[pri:0, instance:test.LoginTest@76505305]" started-at="2024-06-24T13:04:10 PST" name="login" data-provider="loginTestdata" finished-at="2024-06-24T13:04:10 PST" duration-ms="0" status="PASS">
          <params>
            <param index="0">
              <value>
                <![CDATA[]]>
              </value>
            </param>
            <param index="1">
              <value>
                <![CDATA[Login with Empty Username and Empty Password]]>
              </value>
            </param>
            <param index="2">
              <value>
                <![CDATA[]]>
              </value>
            </param>
            <param index="3">
              <value>
                <![CDATA[]]>
              </value>
            </param>
            <param index="4">
              <value>
                <![CDATA[Error: Username is required.]]>
              </value>
            </param>
          </params>
          <reporter-output>
          </reporter-output>
        </test-method> <!-- login -->
        <test-method signature="login(java.lang.String,java.lang.String,java.lang.String,java.lang.String,java.lang.String)[pri:0, instance:test.LoginTest@76505305]" started-at="2024-06-24T13:04:10 PST" name="login" data-provider="loginTestdata" finished-at="2024-06-24T13:04:10 PST" duration-ms="0" status="PASS">
          <params>
            <param index="0">
              <value>
                <![CDATA[]]>
              </value>
            </param>
            <param index="1">
              <value>
                <![CDATA[Login - Handles case sensitive]]>
              </value>
            </param>
            <param index="2">
              <value>
                <![CDATA[AUTOMATIONTEST07@GMAIL.COM]]>
              </value>
            </param>
            <param index="3">
              <value>
                <![CDATA[TESTING#123!]]>
              </value>
            </param>
            <param index="4">
              <value>
                <![CDATA[Error: The password you entered for the username AUTOMATIONTEST07@GMAIL.COM is incorrect. Lost your password?]]>
              </value>
            </param>
          </params>
          <reporter-output>
          </reporter-output>
        </test-method> <!-- login -->
        <test-method signature="login(java.lang.String,java.lang.String,java.lang.String,java.lang.String,java.lang.String)[pri:0, instance:test.LoginTest@76505305]" started-at="2024-06-24T13:04:10 PST" name="login" data-provider="loginTestdata" finished-at="2024-06-24T13:04:10 PST" duration-ms="0" status="PASS">
          <params>
            <param index="0">
              <value>
                <![CDATA[]]>
              </value>
            </param>
            <param index="1">
              <value>
                <![CDATA[Login - Authentication]]>
              </value>
            </param>
            <param index="2">
              <value>
                <![CDATA[]]>
              </value>
            </param>
            <param index="3">
              <value>
                <![CDATA[]]>
              </value>
            </param>
            <param index="4">
              <value>
                <![CDATA[]]>
              </value>
            </param>
          </params>
          <reporter-output>
          </reporter-output>
        </test-method> <!-- login -->
        <test-method is-config="true" signature="tearDown()[pri:0, instance:test.LoginTest@76505305]" started-at="2024-06-24T13:04:10 PST" name="tearDown" finished-at="2024-06-24T13:04:10 PST" duration-ms="49" status="PASS">
          <reporter-output>
          </reporter-output>
        </test-method> <!-- tearDown -->
      </class> <!-- test.LoginTest -->
    </test> <!-- Login -->
  </suite> <!-- Selenium Practice -->
</testng-results>
